  Astar.cpp
D:\MyWork\visual_project\Pathplan\src\Astar.cpp(1,1): warning C4819: 该文件包含不能在当前代码页(936)中表示的字符。请将该文件保存为 Unicode 格式以防止数据丢失
D:\MyWork\visual_project\Pathplan\include\Astar.h(1,1): warning C4819: 该文件包含不能在当前代码页(936)中表示的字符。请将该文件保存为 Unicode 格式以防止数据丢失
C:\Program Files\Eigen3\include\eigen3\Eigen\src\Core\arch\Default\Half.h(1,1): warning C4819: 该文件包含不能在当前代码页(936)中表示的字符。请将该文件保存为 Unicode 格式以防止数据丢失
C:\Program Files\Eigen3\include\eigen3\Eigen\src\Core\arch\Default\BFloat16.h(1,1): warning C4819: 该文件包含不能在当前代码页(936)中表示的字符。请将该文件保存为 Unicode 格式以防止数据丢失
C:\Program Files\Eigen3\include\eigen3\Eigen\src\Core\arch\Default\GenericPacketMathFunctions.h(676,1): warning C4819: 该文件包含不能在当前代码页(936)中表示的字符。请将该文件保存为 Unicode 格式以防止数据丢失
D:\MyWork\visual_project\Pathplan\src\Astar.cpp(29,60): warning C4244: “参数”: 从“double”转换到“unsigned __int64”，可能丢失数据
D:\MyWork\visual_project\Pathplan\src\Astar.cpp(29,39): warning C4244: “参数”: 从“double”转换到“const unsigned __int64”，可能丢失数据
D:\MyWork\visual_project\Pathplan\src\Astar.cpp(36,40): warning C4244: “参数”: 从“double”转换到“const unsigned __int64”，可能丢失数据
D:\MyWork\visual_project\Pathplan\src\Astar.cpp(36,55): warning C4244: “参数”: 从“double”转换到“const unsigned __int64”，可能丢失数据
D:\MyWork\visual_project\Pathplan\src\Astar.cpp(38,34): warning C4244: “参数”: 从“double”转换到“const unsigned __int64”，可能丢失数据
D:\MyWork\visual_project\Pathplan\src\Astar.cpp(38,37): warning C4244: “参数”: 从“double”转换到“unsigned __int64”，可能丢失数据
D:\MyWork\visual_project\Pathplan\src\Astar.cpp(106,25): warning C4244: “参数”: 从“double”转换到“const unsigned __int64”，可能丢失数据
D:\MyWork\visual_project\Pathplan\src\Astar.cpp(106,34): warning C4244: “参数”: 从“double”转换到“unsigned __int64”，可能丢失数据
D:\MyWork\visual_project\Pathplan\src\Astar.cpp(185,85): warning C4244: “参数”: 从“_Ty”转换到“float”，可能丢失数据
          with
          [
              _Ty=double
          ]
D:\MyWork\visual_project\Pathplan\include\matplotlibcpp.h(1813,48): warning C4244: “=”: 从“size_t”转换到“_Ty”，可能丢失数据
          with
          [
              _Ty=double
          ]
D:\MyWork\visual_project\Pathplan\include\matplotlibcpp.h(2877): message : 查看对正在编译的函数 模板 实例化“bool matplotlibcpp::plot<double>(const std::vector<double,std::allocator<double>> &,const std::string &)”的引用
  ReedsShepp.cpp
D:\MyWork\visual_project\Pathplan\src\ReedsShepp.cpp(1,1): warning C4819: 该文件包含不能在当前代码页(936)中表示的字符。请将该文件保存为 Unicode 格式以防止数据丢失
C:\Program Files\Eigen3\include\eigen3\Eigen\src\Core\arch\Default\Half.h(1,1): warning C4819: 该文件包含不能在当前代码页(936)中表示的字符。请将该文件保存为 Unicode 格式以防止数据丢失
C:\Program Files\Eigen3\include\eigen3\Eigen\src\Core\arch\Default\BFloat16.h(1,1): warning C4819: 该文件包含不能在当前代码页(936)中表示的字符。请将该文件保存为 Unicode 格式以防止数据丢失
C:\Program Files\Eigen3\include\eigen3\Eigen\src\Core\arch\Default\GenericPacketMathFunctions.h(676,1): warning C4819: 该文件包含不能在当前代码页(936)中表示的字符。请将该文件保存为 Unicode 格式以防止数据丢失
D:\MyWork\visual_project\Pathplan\src\ReedsShepp.cpp(440,25): warning C4244: “参数”: 从“double”转换到“const unsigned __int64”，可能丢失数据
D:\MyWork\visual_project\Pathplan\include\matplotlibcpp.h(1813,48): warning C4244: “=”: 从“size_t”转换到“_Ty”，可能丢失数据
          with
          [
              _Ty=double
          ]
D:\MyWork\visual_project\Pathplan\include\matplotlibcpp.h(2877): message : 查看对正在编译的函数 模板 实例化“bool matplotlibcpp::plot<double>(const std::vector<double,std::allocator<double>> &,const std::string &)”的引用
  正在生成代码...
  Pathplan.vcxproj -> D:\MyWork\visual_project\Pathplan\x64\Debug\Pathplan.exe
